# JRE version: OpenJDK Runtime Environment (15.0.2+7) (build 15.0.2+7-27)
# Java VM: OpenJDK 64-Bit Server VM (15.0.2+7-27, mixed mode, tiered, compressed oops, g1 gc, bsd-amd64)
GC Precious Log:
 CPUs: 8 total, 8 available
 Memory: 16384M
 Large Page Support: Disabled
 NUMA Support: Disabled
 Compressed Oops: Enabled (Zero based)
 Heap Region Size: 2M
 Heap Min Capacity: 8M
 Heap Initial Capacity: 256M
 Heap Max Capacity: 4G
 Pre-touch: Disabled
 Parallel Workers: 8
 Concurrent Workers: 2
 Concurrent Refinement Workers: 8
 Periodic GC: Disabled
Heap:
 garbage-first heap   total 110592K, used 71453K [0x0000000700000000, 0x0000000800000000)
  region size 2048K, 28 young (57344K), 5 survivors (10240K)
 Metaspace       used 59872K, capacity 60502K, committed 61056K, reserved 1103872K
  class space    used 7283K, capacity 7504K, committed 7552K, reserved 1048576K
GC Heap History (20 events):
Event: 1.775 GC heap before
{Heap before GC invocations=5 (full 0):
 garbage-first heap   total 53248K, used 32246K [0x0000000700000000, 0x0000000800000000)
  region size 2048K, 14 young (28672K), 2 survivors (4096K)
 Metaspace       used 25834K, capacity 26157K, committed 26496K, reserved 1073152K
  class space    used 2999K, capacity 3098K, committed 3200K, reserved 1048576K
}
Event: 1.779 GC heap after
{Heap after GC invocations=6 (full 0):
 garbage-first heap   total 53248K, used 10121K [0x0000000700000000, 0x0000000800000000)
  region size 2048K, 2 young (4096K), 2 survivors (4096K)
 Metaspace       used 25834K, capacity 26157K, committed 26496K, reserved 1073152K
  class space    used 2999K, capacity 3098K, committed 3200K, reserved 1048576K
}
Event: 1.845 GC heap before
{Heap before GC invocations=6 (full 0):
 garbage-first heap   total 53248K, used 34697K [0x0000000700000000, 0x0000000800000000)
  region size 2048K, 14 young (28672K), 2 survivors (4096K)
 Metaspace       used 28288K, capacity 28621K, committed 29056K, reserved 1075200K
  class space    used 3286K, capacity 3386K, committed 3456K, reserved 1048576K
}
Event: 1.848 GC heap after
{Heap after GC invocations=7 (full 0):
 garbage-first heap   total 157696K, used 10185K [0x0000000700000000, 0x0000000800000000)
  region size 2048K, 2 young (4096K), 2 survivors (4096K)
 Metaspace       used 28288K, capacity 28621K, committed 29056K, reserved 1075200K
  class space    used 3286K, capacity 3386K, committed 3456K, reserved 1048576K
}
Event: 2.590 GC heap before
{Heap before GC invocations=7 (full 0):
 garbage-first heap   total 157696K, used 98249K [0x0000000700000000, 0x0000000800000000)
  region size 2048K, 46 young (94208K), 2 survivors (4096K)
 Metaspace       used 33084K, capacity 33520K, committed 33920K, reserved 1079296K
  class space    used 3962K, capacity 4136K, committed 4224K, reserved 1048576K
}
Event: 2.596 GC heap after
{Heap after GC invocations=8 (full 0):
 garbage-first heap   total 157696K, used 13087K [0x0000000700000000, 0x0000000800000000)
  region size 2048K, 3 young (6144K), 3 survivors (6144K)
 Metaspace       used 33084K, capacity 33520K, committed 33920K, reserved 1079296K
  class space    used 3962K, capacity 4136K, committed 4224K, reserved 1048576K
}
Event: 2.798 GC heap before
{Heap before GC invocations=8 (full 0):
 garbage-first heap   total 157696K, used 31519K [0x0000000700000000, 0x0000000800000000)
  region size 2048K, 13 young (26624K), 3 survivors (6144K)
 Metaspace       used 34782K, capacity 35241K, committed 35584K, reserved 1081344K
  class space    used 4192K, capacity 4339K, committed 4352K, reserved 1048576K
}
Event: 2.804 GC heap after
{Heap after GC invocations=9 (full 0):
 garbage-first heap   total 157696K, used 13638K [0x0000000700000000, 0x0000000800000000)
  region size 2048K, 3 young (6144K), 3 survivors (6144K)
 Metaspace       used 34782K, capacity 35241K, committed 35584K, reserved 1081344K
  class space    used 4192K, capacity 4339K, committed 4352K, reserved 1048576K
}
Event: 3.205 GC heap before
{Heap before GC invocations=10 (full 0):
 garbage-first heap   total 61440K, used 44358K [0x0000000700000000, 0x0000000800000000)
  region size 2048K, 18 young (36864K), 3 survivors (6144K)
 Metaspace       used 37327K, capacity 37799K, committed 38272K, reserved 1083392K
  class space    used 4552K, capacity 4700K, committed 4736K, reserved 1048576K
}
Event: 3.214 GC heap after
{Heap after GC invocations=11 (full 0):
 garbage-first heap   total 61440K, used 15211K [0x0000000700000000, 0x0000000800000000)
  region size 2048K, 2 young (4096K), 2 survivors (4096K)
 Metaspace       used 37327K, capacity 37799K, committed 38272K, reserved 1083392K
  class space    used 4552K, capacity 4700K, committed 4736K, reserved 1048576K
}
Event: 3.352 GC heap before
{Heap before GC invocations=11 (full 0):
 garbage-first heap   total 61440K, used 41835K [0x0000000700000000, 0x0000000800000000)
  region size 2048K, 16 young (32768K), 2 survivors (4096K)
 Metaspace       used 38835K, capacity 39318K, committed 39680K, reserved 1083392K
  class space    used 4717K, capacity 4864K, committed 4864K, reserved 1048576K
}
Event: 3.356 GC heap after
{Heap after GC invocations=12 (full 0):
 garbage-first heap   total 61440K, used 16030K [0x0000000700000000, 0x0000000800000000)
  region size 2048K, 2 young (4096K), 2 survivors (4096K)
 Metaspace       used 38835K, capacity 39318K, committed 39680K, reserved 1083392K
  class space    used 4717K, capacity 4864K, committed 4864K, reserved 1048576K
}
Event: 3.625 GC heap before
{Heap before GC invocations=12 (full 0):
 garbage-first heap   total 61440K, used 42654K [0x0000000700000000, 0x0000000800000000)
  region size 2048K, 16 young (32768K), 2 survivors (4096K)
 Metaspace       used 40768K, capacity 41341K, committed 41728K, reserved 1085440K
  class space    used 4931K, capacity 5112K, committed 5120K, reserved 1048576K
}
Event: 3.630 GC heap after
{Heap after GC invocations=13 (full 0):
 garbage-first heap   total 161792K, used 17354K [0x0000000700000000, 0x0000000800000000)
  region size 2048K, 1 young (2048K), 1 survivors (2048K)
 Metaspace       used 40768K, capacity 41341K, committed 41728K, reserved 1085440K
  class space    used 4931K, capacity 5112K, committed 5120K, reserved 1048576K
}
Event: 4.347 GC heap before
{Heap before GC invocations=13 (full 0):
 garbage-first heap   total 161792K, used 111562K [0x0000000700000000, 0x0000000800000000)
  region size 2048K, 47 young (96256K), 1 survivors (2048K)
 Metaspace       used 45832K, capacity 46361K, committed 46848K, reserved 1089536K
  class space    used 5613K, capacity 5797K, committed 5888K, reserved 1048576K
}
Event: 4.352 GC heap after
{Heap after GC invocations=14 (full 0):
 garbage-first heap   total 161792K, used 19726K [0x0000000700000000, 0x0000000800000000)
  region size 2048K, 3 young (6144K), 3 survivors (6144K)
 Metaspace       used 45832K, capacity 46361K, committed 46848K, reserved 1089536K
  class space    used 5613K, capacity 5797K, committed 5888K, reserved 1048576K
}
Event: 32.019 GC heap before
{Heap before GC invocations=14 (full 0):
 garbage-first heap   total 161792K, used 109838K [0x0000000700000000, 0x0000000800000000)
  region size 2048K, 47 young (96256K), 3 survivors (6144K)
 Metaspace       used 52442K, capacity 53029K, committed 53504K, reserved 1095680K
  class space    used 6417K, capacity 6626K, committed 6656K, reserved 1048576K
}
Event: 32.029 GC heap after
{Heap after GC invocations=15 (full 0):
 garbage-first heap   total 161792K, used 23255K [0x0000000700000000, 0x0000000800000000)
  region size 2048K, 4 young (8192K), 4 survivors (8192K)
 Metaspace       used 52442K, capacity 53029K, committed 53504K, reserved 1095680K
  class space    used 6417K, capacity 6626K, committed 6656K, reserved 1048576K
}
Event: 32.422 GC heap before
{Heap before GC invocations=15 (full 0):
 garbage-first heap   total 161792K, used 66263K [0x0000000700000000, 0x0000000800000000)
  region size 2048K, 27 young (55296K), 4 survivors (8192K)
 Metaspace       used 58447K, capacity 59020K, committed 59520K, reserved 1101824K
  class space    used 7123K, capacity 7337K, committed 7424K, reserved 1048576K
}
Event: 32.434 GC heap after
{Heap after GC invocations=16 (full 0):
 garbage-first heap   total 161792K, used 26397K [0x0000000700000000, 0x0000000800000000)
  region size 2048K, 5 young (10240K), 5 survivors (10240K)
 Metaspace       used 58447K, capacity 59020K, committed 59520K, reserved 1101824K
  class space    used 7123K, capacity 7337K, committed 7424K, reserved 1048576K
}

